app/build/outputs/logs/manifest-merger-debug-report.txt
-- Merging decision tree log ---
provider#android.support.v4.content.FileProvider
INJECTED from src/main/AndroidManifest.xml:23:9-31:20
	android:grantUriPermissions
		ADDED from src/main/AndroidManifest.xml:27:13-47
	android:authorities
		INJECTED from src/main/AndroidManifest.xml
		ADDED from src/main/AndroidManifest.xml:25:13-60
	android:exported
		ADDED from src/main/AndroidManifest.xml:26:13-37
	android:name
		ADDED from src/main/AndroidManifest.xml:24:13-67
manifest
ADDED from src/main/AndroidManifest.xml:2:1-99:12
INJECTED from src/main/AndroidManifest.xml:2:1-99:12
INJECTED from src/main/AndroidManifest.xml:2:1-99:12
INJECTED from src/main/AndroidManifest.xml:2:1-99:12
MERGED from [:katexmathview] AndroidManifest.xml:2:1-17:12
MERGED from [com.android.support:design:27.1.0] AndroidManifest.xml:17:1-22:12
MERGED from [com.theartofdev.edmodo:android-image-cropper:2.5.1] AndroidManifest.xml:2:1-12:12
MERGED from [com.android.support:appcompat-v7:27.1.0] AndroidManifest.xml:17:1-22:12
MERGED from [com.android.support.constraint:constraint-layout:1.0.2] AndroidManifest.xml:2:1-11:12
MERGED from [com.android.support:cardview-v7:27.1.0] AndroidManifest.xml:17:1-22:12
MERGED from [com.jakewharton:butterknife:8.8.1] AndroidManifest.xml:2:1-7:12
MERGED from [de.hdodenhof:circleimageview:2.2.0] AndroidManifest.xml:2:1-11:12
MERGED from [id.zelory:compressor:2.1.0] AndroidManifest.xml:2:1-12:12
MERGED from [nl.dionsegijn:konfetti:1.1.0] AndroidManifest.xml:2:1-13:12
MERGED from [com.github.captain-miao:optroundcardview:1.0.0] AndroidManifest.xml:2:1-14:12
MERGED from [com.squareup.picasso:picasso:2.71828] AndroidManifest.xml:2:1-14:12
MERGED from [com.google.android.exoplayer:exoplayer-ui:2.6.1] AndroidManifest.xml:17:1-25:12
MERGED from [com.google.android.exoplayer:exoplayer-core:2.6.1] AndroidManifest.xml:17:1-25:12
MERGED from [com.android.support:recyclerview-v7:27.1.0] AndroidManifest.xml:17:1-22:12
MERGED from [com.android.support:transition:27.1.0] AndroidManifest.xml:17:1-22:12
MERGED from [com.android.support:support-v4:27.1.0] AndroidManifest.xml:17:1-22:12
MERGED from [com.android.support:support-media-compat:27.1.0] AndroidManifest.xml:17:1-22:12
MERGED from [com.android.support:support-fragment:27.1.0] AndroidManifest.xml:17:1-22:12
MERGED from [com.android.support:animated-vector-drawable:27.1.0] AndroidManifest.xml:17:1-22:12
MERGED from [com.android.support:support-core-ui:27.1.0] AndroidManifest.xml:17:1-22:12
MERGED from [com.android.support:support-core-utils:27.1.0] AndroidManifest.xml:17:1-22:12
MERGED from [com.android.support:support-vector-drawable:27.1.0] AndroidManifest.xml:17:1-22:12
MERGED from [com.android.support:exifinterface:27.1.0] AndroidManifest.xml:17:1-22:12
MERGED from [com.android.support:support-compat:27.1.0] AndroidManifest.xml:17:1-22:12
MERGED from [android.arch.lifecycle:livedata-core:1.1.0] AndroidManifest.xml:17:1-22:12
MERGED from [android.arch.lifecycle:viewmodel:1.1.0] AndroidManifest.xml:17:1-22:12
MERGED from [android.arch.lifecycle:runtime:1.1.0] AndroidManifest.xml:17:1-22:12
MERGED from [android.arch.core:runtime:1.1.0] AndroidManifest.xml:17:1-22:12
INJECTED from src/main/AndroidManifest.xml:2:1-99:12
INJECTED from src/main/AndroidManifest.xml:2:1-99:12
INJECTED from src/main/AndroidManifest.xml:2:1-99:12
	package
		ADDED from src/main/AndroidManifest.xml:3:5-38
		INJECTED from src/main/AndroidManifest.xml
		INJECTED from src/main/AndroidManifest.xml
	android:versionName
		INJECTED from src/main/AndroidManifest.xml
		ADDED from src/main/AndroidManifest.xml:2:1-99:12
		INJECTED from src/main/AndroidManifest.xml
	android:versionCode
		INJECTED from src/main/AndroidManifest.xml
		ADDED from src/main/AndroidManifest.xml:2:1-99:12
		INJECTED from src/main/AndroidManifest.xml
	xmlns:android
		ADDED from src/main/AndroidManifest.xml:2:11-69
uses-permission#android.permission.INTERNET
ADDED from src/main/AndroidManifest.xml:5:5-67
	android:name
		ADDED from src/main/AndroidManifest.xml:5:22-64
uses-permission#android.permission.ACCESS_NETWORK_STATE
ADDED from src/main/AndroidManifest.xml:6:5-79
	android:name
		ADDED from src/main/AndroidManifest.xml:6:22-76
uses-permission#android.permission.READ_SMS
ADDED from src/main/AndroidManifest.xml:7:5-67
	android:name
		ADDED from src/main/AndroidManifest.xml:7:22-64
uses-permission#android.permission.RECEIVE_SMS
ADDED from src/main/AndroidManifest.xml:8:5-70
	android:name
		ADDED from src/main/AndroidManifest.xml:8:22-67
uses-permission#android.permission.READ_EXTERNAL_STORAGE
ADDED from src/main/AndroidManifest.xml:9:5-80
	android:name
		ADDED from src/main/AndroidManifest.xml:9:22-77
uses-permission#android.permission.WRITE_EXTERNAL_STORAGE
ADDED from src/main/AndroidManifest.xml:10:5-81
	android:name
		ADDED from src/main/AndroidManifest.xml:10:22-78
uses-permission#android.permission.RECEIVE_BOOT_COMPLETED
ADDED from src/main/AndroidManifest.xml:11:5-81
	android:name
		ADDED from src/main/AndroidManifest.xml:11:22-78
application
ADDED from src/main/AndroidManifest.xml:13:5-97:19
MERGED from [:katexmathview] AndroidManifest.xml:11:5-15:19
MERGED from [:katexmathview] AndroidManifest.xml:11:5-15:19
MERGED from [com.android.support.constraint:constraint-layout:1.0.2] AndroidManifest.xml:9:5-20
MERGED from [com.android.support.constraint:constraint-layout:1.0.2] AndroidManifest.xml:9:5-20
MERGED from [de.hdodenhof:circleimageview:2.2.0] AndroidManifest.xml:9:5-20
MERGED from [de.hdodenhof:circleimageview:2.2.0] AndroidManifest.xml:9:5-20
MERGED from [nl.dionsegijn:konfetti:1.1.0] AndroidManifest.xml:11:5-53
MERGED from [nl.dionsegijn:konfetti:1.1.0] AndroidManifest.xml:11:5-53
MERGED from [com.github.captain-miao:optroundcardview:1.0.0] AndroidManifest.xml:11:5-12:19
MERGED from [com.github.captain-miao:optroundcardview:1.0.0] AndroidManifest.xml:11:5-12:19
MERGED from [com.squareup.picasso:picasso:2.71828] AndroidManifest.xml:7:5-12:19
MERGED from [com.squareup.picasso:picasso:2.71828] AndroidManifest.xml:7:5-12:19
	android:screenOrientation
		ADDED from src/main/AndroidManifest.xml:20:9-45
	android:supportsRtl
		ADDED from src/main/AndroidManifest.xml:21:9-35
	android:label
		ADDED from src/main/AndroidManifest.xml:17:9-41
	android:roundIcon
		ADDED from src/main/AndroidManifest.xml:19:9-54
	android:largeHeap
		ADDED from src/main/AndroidManifest.xml:18:9-33
	android:icon
		ADDED from src/main/AndroidManifest.xml:16:9-50
	android:allowBackup
		ADDED from src/main/AndroidManifest.xml:15:9-35
	android:theme
		ADDED from src/main/AndroidManifest.xml:22:9-41
	android:name
		ADDED from src/main/AndroidManifest.xml:14:9-32
activity#learnacad.learnacad.com.Activities.SplashActivity
ADDED from src/main/AndroidManifest.xml:33:9-39:20
	android:name
		ADDED from src/main/AndroidManifest.xml:33:19-60
intent-filter#android.intent.action.MAIN+android.intent.category.LAUNCHER
ADDED from src/main/AndroidManifest.xml:34:13-38:29
action#android.intent.action.MAIN
ADDED from src/main/AndroidManifest.xml:35:17-69
	android:name
		ADDED from src/main/AndroidManifest.xml:35:25-66
category#android.intent.category.LAUNCHER
ADDED from src/main/AndroidManifest.xml:37:17-77
	android:name
		ADDED from src/main/AndroidManifest.xml:37:27-74
activity#learnacad.learnacad.com.InfoActivies.TermsandPolicyActivity
ADDED from src/main/AndroidManifest.xml:40:9-42:71
	android:parentActivityName
		ADDED from src/main/AndroidManifest.xml:42:13-68
	android:name
		ADDED from src/main/AndroidManifest.xml:41:13-64
activity#learnacad.learnacad.com.SignUpActivites.SignUpActivity
ADDED from src/main/AndroidManifest.xml:43:9-45:71
	android:parentActivityName
		ADDED from src/main/AndroidManifest.xml:45:13-68
	android:name
		ADDED from src/main/AndroidManifest.xml:44:13-59
activity#learnacad.learnacad.com.SignUpActivites.OtpActivity
ADDED from src/main/AndroidManifest.xml:46:9-48:76
	android:parentActivityName
		ADDED from src/main/AndroidManifest.xml:48:13-73
	android:name
		ADDED from src/main/AndroidManifest.xml:47:13-56
activity#learnacad.learnacad.com.SignUpActivites.ProfileActivity
ADDED from src/main/AndroidManifest.xml:49:9-51:71
	android:parentActivityName
		ADDED from src/main/AndroidManifest.xml:51:13-68
	android:name
		ADDED from src/main/AndroidManifest.xml:50:13-60
activity#com.theartofdev.edmodo.cropper.CropImageActivity
ADDED from src/main/AndroidManifest.xml:52:9-54:59
	android:theme
		ADDED from src/main/AndroidManifest.xml:54:13-56
	android:name
		ADDED from src/main/AndroidManifest.xml:53:13-76
activity#learnacad.learnacad.com.SignUpActivites.SigUpComplete
ADDED from src/main/AndroidManifest.xml:55:9-67
	android:name
		ADDED from src/main/AndroidManifest.xml:55:19-64
activity#learnacad.learnacad.com.Activities.HomeActivity
ADDED from src/main/AndroidManifest.xml:56:9-61
	android:name
		ADDED from src/main/AndroidManifest.xml:56:19-58
activity#learnacad.learnacad.com.Activities.InstructionActivity
ADDED from src/main/AndroidManifest.xml:57:9-68
	android:name
		ADDED from src/main/AndroidManifest.xml:57:19-65
activity#learnacad.learnacad.com.InfoActivies.WinningActivity
ADDED from src/main/AndroidManifest.xml:58:9-66
	android:name
		ADDED from src/main/AndroidManifest.xml:58:19-63
activity#learnacad.learnacad.com.Activities.LeaderBoardActivity
ADDED from src/main/AndroidManifest.xml:59:9-61:69
	android:parentActivityName
		ADDED from src/main/AndroidManifest.xml:61:13-66
	android:name
		ADDED from src/main/AndroidManifest.xml:60:13-59
activity#learnacad.learnacad.com.Activities.QuizReviewActivity
ADDED from src/main/AndroidManifest.xml:62:9-67
	android:name
		ADDED from src/main/AndroidManifest.xml:62:19-64
activity#learnacad.learnacad.com.Activities.ShareActivity
ADDED from src/main/AndroidManifest.xml:63:9-65:69
	android:parentActivityName
		ADDED from src/main/AndroidManifest.xml:65:13-66
	android:name
		ADDED from src/main/AndroidManifest.xml:64:13-53
activity#learnacad.learnacad.com.InfoActivies.AboutActivity
ADDED from src/main/AndroidManifest.xml:66:9-68:69
	android:parentActivityName
		ADDED from src/main/AndroidManifest.xml:68:13-66
	android:name
		ADDED from src/main/AndroidManifest.xml:67:13-55
receiver#learnacad.learnacad.com.Adapters.AlarmReceiver
ADDED from src/main/AndroidManifest.xml:70:9-76:20
	android:enabled
		ADDED from src/main/AndroidManifest.xml:72:13-36
	android:name
		ADDED from src/main/AndroidManifest.xml:71:13-51
intent-filter#android.intent.action.BOOT_COMPLETED
ADDED from src/main/AndroidManifest.xml:73:13-75:29
action#android.intent.action.BOOT_COMPLETED
ADDED from src/main/AndroidManifest.xml:74:17-79
	android:name
		ADDED from src/main/AndroidManifest.xml:74:25-76
receiver#learnacad.learnacad.com.Adapters.MyReceiver
ADDED from src/main/AndroidManifest.xml:77:9-81:20
	android:name
		ADDED from src/main/AndroidManifest.xml:77:19-54
intent-filter#android.provider.Telephony.SMS_RECEIVED
ADDED from src/main/AndroidManifest.xml:78:13-80:29
	android:priority
		ADDED from src/main/AndroidManifest.xml:78:28-51
action#android.provider.Telephony.SMS_RECEIVED
ADDED from src/main/AndroidManifest.xml:79:17-82
	android:name
		ADDED from src/main/AndroidManifest.xml:79:25-79
activity#learnacad.learnacad.com.InfoActivies.Winners
ADDED from src/main/AndroidManifest.xml:83:9-67
	android:name
		ADDED from src/main/AndroidManifest.xml:83:19-55
activity#learnacad.learnacad.com.InfoActivies.LosersActivity
ADDED from src/main/AndroidManifest.xml:84:9-65
	android:name
		ADDED from src/main/AndroidManifest.xml:84:19-62
activity#learnacad.learnacad.com.Game2Activity
ADDED from src/main/AndroidManifest.xml:85:9-51
	android:name
		ADDED from src/main/AndroidManifest.xml:85:19-48
activity#learnacad.learnacad.com.Activities.PastQuizesActivity
ADDED from src/main/AndroidManifest.xml:86:9-67
	android:name
		ADDED from src/main/AndroidManifest.xml:86:19-64
receiver#learnacad.learnacad.com.Adapters.ConnectivityReceiver
ADDED from src/main/AndroidManifest.xml:88:9-94:20
	android:enabled
		ADDED from src/main/AndroidManifest.xml:90:13-35
	android:name
		ADDED from src/main/AndroidManifest.xml:89:13-58
intent-filter#android.net.conn.CONNECTIVITY_CHANGE
ADDED from src/main/AndroidManifest.xml:91:13-93:29
action#android.net.conn.CONNECTIVITY_CHANGE
ADDED from src/main/AndroidManifest.xml:92:17-79
	android:name
		ADDED from src/main/AndroidManifest.xml:92:25-76
activity#learnacad.learnacad.com.Activities.TourActivity
ADDED from src/main/AndroidManifest.xml:96:9-70
	android:name
		ADDED from src/main/AndroidManifest.xml:96:19-58
uses-sdk
INJECTED from src/main/AndroidManifest.xml reason: use-sdk injection requested
INJECTED from src/main/AndroidManifest.xml
INJECTED from src/main/AndroidManifest.xml
MERGED from [:katexmathview] AndroidManifest.xml:7:5-9:41
MERGED from [:katexmathview] AndroidManifest.xml:7:5-9:41
MERGED from [com.android.support:design:27.1.0] AndroidManifest.xml:20:5-44
MERGED from [com.android.support:design:27.1.0] AndroidManifest.xml:20:5-44
MERGED from [com.theartofdev.edmodo:android-image-cropper:2.5.1] AndroidManifest.xml:8:5-10:41
MERGED from [com.theartofdev.edmodo:android-image-cropper:2.5.1] AndroidManifest.xml:8:5-10:41
MERGED from [com.android.support:appcompat-v7:27.1.0] AndroidManifest.xml:20:5-44
MERGED from [com.android.support:appcompat-v7:27.1.0] AndroidManifest.xml:20:5-44
MERGED from [com.android.support.constraint:constraint-layout:1.0.2] AndroidManifest.xml:5:5-7:41
MERGED from [com.android.support.constraint:constraint-layout:1.0.2] AndroidManifest.xml:5:5-7:41
MERGED from [com.android.support:cardview-v7:27.1.0] AndroidManifest.xml:20:5-44
MERGED from [com.android.support:cardview-v7:27.1.0] AndroidManifest.xml:20:5-44
MERGED from [com.jakewharton:butterknife:8.8.1] AndroidManifest.xml:5:5-43
MERGED from [com.jakewharton:butterknife:8.8.1] AndroidManifest.xml:5:5-43
MERGED from [de.hdodenhof:circleimageview:2.2.0] AndroidManifest.xml:5:5-7:41
MERGED from [de.hdodenhof:circleimageview:2.2.0] AndroidManifest.xml:5:5-7:41
MERGED from [id.zelory:compressor:2.1.0] AndroidManifest.xml:8:5-10:41
MERGED from [id.zelory:compressor:2.1.0] AndroidManifest.xml:8:5-10:41
MERGED from [nl.dionsegijn:konfetti:1.1.0] AndroidManifest.xml:7:5-9:41
MERGED from [nl.dionsegijn:konfetti:1.1.0] AndroidManifest.xml:7:5-9:41
MERGED from [com.github.captain-miao:optroundcardview:1.0.0] AndroidManifest.xml:7:5-9:41
MERGED from [com.github.captain-miao:optroundcardview:1.0.0] AndroidManifest.xml:7:5-9:41
MERGED from [com.squareup.picasso:picasso:2.71828] AndroidManifest.xml:5:5-44
MERGED from [com.squareup.picasso:picasso:2.71828] AndroidManifest.xml:5:5-44
MERGED from [com.google.android.exoplayer:exoplayer-ui:2.6.1] AndroidManifest.xml:21:5-23:41
MERGED from [com.google.android.exoplayer:exoplayer-ui:2.6.1] AndroidManifest.xml:21:5-23:41
MERGED from [com.google.android.exoplayer:exoplayer-core:2.6.1] AndroidManifest.xml:21:5-23:41
MERGED from [com.google.android.exoplayer:exoplayer-core:2.6.1] AndroidManifest.xml:21:5-23:41
MERGED from [com.android.support:recyclerview-v7:27.1.0] AndroidManifest.xml:20:5-44
MERGED from [com.android.support:recyclerview-v7:27.1.0] AndroidManifest.xml:20:5-44
MERGED from [com.android.support:transition:27.1.0] AndroidManifest.xml:20:5-44
MERGED from [com.android.support:transition:27.1.0] AndroidManifest.xml:20:5-44
MERGED from [com.android.support:support-v4:27.1.0] AndroidManifest.xml:20:5-44
MERGED from [com.android.support:support-v4:27.1.0] AndroidManifest.xml:20:5-44
MERGED from [com.android.support:support-media-compat:27.1.0] AndroidManifest.xml:20:5-44
MERGED from [com.android.support:support-media-compat:27.1.0] AndroidManifest.xml:20:5-44
MERGED from [com.android.support:support-fragment:27.1.0] AndroidManifest.xml:20:5-44
MERGED from [com.android.support:support-fragment:27.1.0] AndroidManifest.xml:20:5-44
MERGED from [com.android.support:animated-vector-drawable:27.1.0] AndroidManifest.xml:20:5-44
MERGED from [com.android.support:animated-vector-drawable:27.1.0] AndroidManifest.xml:20:5-44
MERGED from [com.android.support:support-core-ui:27.1.0] AndroidManifest.xml:20:5-44
MERGED from [com.android.support:support-core-ui:27.1.0] AndroidManifest.xml:20:5-44
MERGED from [com.android.support:support-core-utils:27.1.0] AndroidManifest.xml:20:5-44
MERGED from [com.android.support:support-core-utils:27.1.0] AndroidManifest.xml:20:5-44
MERGED from [com.android.support:support-vector-drawable:27.1.0] AndroidManifest.xml:20:5-44
MERGED from [com.android.support:support-vector-drawable:27.1.0] AndroidManifest.xml:20:5-44
MERGED from [com.android.support:exifinterface:27.1.0] AndroidManifest.xml:20:5-44
MERGED from [com.android.support:exifinterface:27.1.0] AndroidManifest.xml:20:5-44
MERGED from [com.android.support:support-compat:27.1.0] AndroidManifest.xml:20:5-44
MERGED from [com.android.support:support-compat:27.1.0] AndroidManifest.xml:20:5-44
MERGED from [android.arch.lifecycle:livedata-core:1.1.0] AndroidManifest.xml:20:5-44
MERGED from [android.arch.lifecycle:livedata-core:1.1.0] AndroidManifest.xml:20:5-44
MERGED from [android.arch.lifecycle:viewmodel:1.1.0] AndroidManifest.xml:20:5-44
MERGED from [android.arch.lifecycle:viewmodel:1.1.0] AndroidManifest.xml:20:5-44
MERGED from [android.arch.lifecycle:runtime:1.1.0] AndroidManifest.xml:20:5-44
MERGED from [android.arch.lifecycle:runtime:1.1.0] AndroidManifest.xml:20:5-44
MERGED from [android.arch.core:runtime:1.1.0] AndroidManifest.xml:20:5-44
MERGED from [android.arch.core:runtime:1.1.0] AndroidManifest.xml:20:5-44
INJECTED from src/main/AndroidManifest.xml
INJECTED from src/main/AndroidManifest.xml
	android:targetSdkVersion
		INJECTED from src/main/AndroidManifest.xml
		ADDED from src/main/AndroidManifest.xml
		INJECTED from src/main/AndroidManifest.xml
	android:minSdkVersion
		INJECTED from src/main/AndroidManifest.xml
		ADDED from src/main/AndroidManifest.xml
		INJECTED from src/main/AndroidManifest.xml
meta-data#android.support.FILE_PROVIDER_PATHS
ADDED from src/main/AndroidManifest.xml:28:13-30:58
	android:resource
		ADDED from src/main/AndroidManifest.xml:30:17-55
	android:name
		ADDED from src/main/AndroidManifest.xml:29:17-67
provider#com.squareup.picasso.PicassoProvider
ADDED from [com.squareup.picasso:picasso:2.71828] AndroidManifest.xml:8:9-11:40
	android:authorities
		ADDED from [com.squareup.picasso:picasso:2.71828] AndroidManifest.xml:10:13-72
	android:exported
		ADDED from [com.squareup.picasso:picasso:2.71828] AndroidManifest.xml:11:13-37
	android:name
		ADDED from [com.squareup.picasso:picasso:2.71828] AndroidManifest.xml:9:13-64